<?xml version="1.0" encoding="UTF-8"?>
<testng-results skipped="0" failed="0" ignored="0" total="1" passed="1">
  <reporter-output>
  </reporter-output>
  <suite name="Default suite" duration-ms="22168" started-at="2019-04-19T16:06:58Z" finished-at="2019-04-19T16:07:20Z">
    <groups>
    </groups>
    <test name="Default test" duration-ms="22168" started-at="2019-04-19T16:06:58Z" finished-at="2019-04-19T16:07:20Z">
      <class name="com.testing.gitJenkinsDemoClass">
        <test-method status="PASS" signature="gitJenkinsDemoTest()[pri:0, instance:com.testing.gitJenkinsDemoClass@25bbf683]" name="gitJenkinsDemoTest" duration-ms="22145" started-at="2019-04-19T16:06:58Z" finished-at="2019-04-19T16:07:20Z">
          <reporter-output>
          </reporter-output>
        </test-method> <!-- gitJenkinsDemoTest -->
      </class> <!-- com.testing.gitJenkinsDemoClass -->
    </test> <!-- Default test -->
  </suite> <!-- Default suite -->
</testng-results>
